{"/home/tangodev/ska/webjive-auth/src/app.js": {"path":"/home/tangodev/ska/webjive-auth/src/app.js","statementMap":{"0":{"start":{"line":1,"column":15},"end":{"line":1,"column":32}},"1":{"start":{"line":3,"column":0},"end":{"line":3,"column":16}},"2":{"start":{"line":5,"column":16},"end":{"line":5,"column":34}},"3":{"start":{"line":6,"column":17},"end":{"line":6,"column":36}},"4":{"start":{"line":7,"column":19},"end":{"line":7,"column":41}},"5":{"start":{"line":8,"column":21},"end":{"line":8,"column":45}},"6":{"start":{"line":9,"column":21},"end":{"line":9,"column":44}},"7":{"start":{"line":14,"column":4},"end":{"line":14,"column":15}},"8":{"start":{"line":15,"column":20},"end":{"line":15,"column":24}},"9":{"start":{"line":16,"column":20},"end":{"line":16,"column":33}},"10":{"start":{"line":19,"column":2},"end":{"line":21,"column":3}},"11":{"start":{"line":20,"column":4},"end":{"line":20,"column":47}},"12":{"start":{"line":23,"column":2},"end":{"line":25,"column":3}},"13":{"start":{"line":24,"column":4},"end":{"line":24,"column":47}},"14":{"start":{"line":27,"column":18},"end":{"line":27,"column":38}},"15":{"start":{"line":28,"column":2},"end":{"line":28,"column":72}},"16":{"start":{"line":32,"column":2},"end":{"line":37,"column":3}},"17":{"start":{"line":33,"column":33},"end":{"line":33,"column":65}},"18":{"start":{"line":34,"column":4},"end":{"line":34,"column":43}},"19":{"start":{"line":36,"column":4},"end":{"line":36,"column":16}},"20":{"start":{"line":41,"column":2},"end":{"line":45,"column":3}},"21":{"start":{"line":42,"column":4},"end":{"line":42,"column":44}},"22":{"start":{"line":44,"column":4},"end":{"line":44,"column":16}},"23":{"start":{"line":58,"column":19},"end":{"line":58,"column":51}},"24":{"start":{"line":60,"column":25},"end":{"line":60,"column":57}},"25":{"start":{"line":62,"column":0},"end":{"line":62,"column":49}},"26":{"start":{"line":64,"column":21},"end":{"line":64,"column":49}},"27":{"start":{"line":66,"column":0},"end":{"line":66,"column":41}},"28":{"start":{"line":68,"column":0},"end":{"line":74,"column":1}},"29":{"start":{"line":71,"column":23},"end":{"line":71,"column":51}},"30":{"start":{"line":72,"column":2},"end":{"line":72,"column":29}},"31":{"start":{"line":73,"column":2},"end":{"line":73,"column":30}},"32":{"start":{"line":76,"column":12},"end":{"line":76,"column":21}},"33":{"start":{"line":77,"column":0},"end":{"line":77,"column":27}},"34":{"start":{"line":78,"column":0},"end":{"line":78,"column":52}},"35":{"start":{"line":79,"column":0},"end":{"line":79,"column":24}},"36":{"start":{"line":80,"column":0},"end":{"line":80,"column":31}},"37":{"start":{"line":82,"column":27},"end":{"line":85,"column":1}},"38":{"start":{"line":87,"column":0},"end":{"line":96,"column":3}},"39":{"start":{"line":88,"column":19},"end":{"line":88,"column":22}},"40":{"start":{"line":89,"column":2},"end":{"line":91,"column":3}},"41":{"start":{"line":90,"column":4},"end":{"line":90,"column":24}},"42":{"start":{"line":92,"column":31},"end":{"line":92,"column":35}},"43":{"start":{"line":93,"column":14},"end":{"line":93,"column":45}},"44":{"start":{"line":94,"column":2},"end":{"line":94,"column":31}},"45":{"start":{"line":95,"column":2},"end":{"line":95,"column":33}},"46":{"start":{"line":98,"column":0},"end":{"line":107,"column":3}},"47":{"start":{"line":99,"column":14},"end":{"line":99,"column":38}},"48":{"start":{"line":100,"column":19},"end":{"line":100,"column":35}},"49":{"start":{"line":102,"column":2},"end":{"line":106,"column":3}},"50":{"start":{"line":103,"column":4},"end":{"line":103,"column":49}},"51":{"start":{"line":105,"column":4},"end":{"line":105,"column":45}},"52":{"start":{"line":109,"column":0},"end":{"line":111,"column":3}},"53":{"start":{"line":110,"column":2},"end":{"line":110,"column":38}},"54":{"start":{"line":113,"column":0},"end":{"line":117,"column":3}},"55":{"start":{"line":114,"column":16},"end":{"line":114,"column":40}},"56":{"start":{"line":115,"column":15},"end":{"line":115,"column":35}},"57":{"start":{"line":116,"column":2},"end":{"line":116,"column":17}},"58":{"start":{"line":118,"column":0},"end":{"line":118,"column":21}}},"fnMap":{"0":{"name":"generateToken","decl":{"start":{"line":18,"column":9},"end":{"line":18,"column":22}},"loc":{"start":{"line":18,"column":41},"end":{"line":29,"column":1}},"line":18},"1":{"name":"extendToken","decl":{"start":{"line":31,"column":9},"end":{"line":31,"column":20}},"loc":{"start":{"line":31,"column":26},"end":{"line":38,"column":1}},"line":31},"2":{"name":"userFromToken","decl":{"start":{"line":40,"column":9},"end":{"line":40,"column":22}},"loc":{"start":{"line":40,"column":28},"end":{"line":46,"column":1}},"line":40},"3":{"name":"(anonymous_3)","decl":{"start":{"line":87,"column":39},"end":{"line":87,"column":40}},"loc":{"start":{"line":87,"column":53},"end":{"line":96,"column":1}},"line":87},"4":{"name":"(anonymous_4)","decl":{"start":{"line":98,"column":20},"end":{"line":98,"column":21}},"loc":{"start":{"line":98,"column":34},"end":{"line":107,"column":1}},"line":98},"5":{"name":"(anonymous_5)","decl":{"start":{"line":109,"column":20},"end":{"line":109,"column":21}},"loc":{"start":{"line":109,"column":32},"end":{"line":111,"column":1}},"line":109},"6":{"name":"(anonymous_6)","decl":{"start":{"line":113,"column":17},"end":{"line":113,"column":18}},"loc":{"start":{"line":113,"column":31},"end":{"line":117,"column":1}},"line":113}},"branchMap":{"0":{"loc":{"start":{"line":19,"column":2},"end":{"line":21,"column":3}},"type":"if","locations":[{"start":{"line":19,"column":2},"end":{"line":21,"column":3}},{"start":{"line":19,"column":2},"end":{"line":21,"column":3}}],"line":19},"1":{"loc":{"start":{"line":23,"column":2},"end":{"line":25,"column":3}},"type":"if","locations":[{"start":{"line":23,"column":2},"end":{"line":25,"column":3}},{"start":{"line":23,"column":2},"end":{"line":25,"column":3}}],"line":23},"2":{"loc":{"start":{"line":68,"column":0},"end":{"line":74,"column":1}},"type":"if","locations":[{"start":{"line":68,"column":0},"end":{"line":74,"column":1}},{"start":{"line":68,"column":0},"end":{"line":74,"column":1}}],"line":68},"3":{"loc":{"start":{"line":68,"column":4},"end":{"line":68,"column":45}},"type":"binary-expr","locations":[{"start":{"line":68,"column":4},"end":{"line":68,"column":12}},{"start":{"line":68,"column":16},"end":{"line":68,"column":25}},{"start":{"line":68,"column":29},"end":{"line":68,"column":45}}],"line":68},"4":{"loc":{"start":{"line":89,"column":2},"end":{"line":91,"column":3}},"type":"if","locations":[{"start":{"line":89,"column":2},"end":{"line":91,"column":3}},{"start":{"line":89,"column":2},"end":{"line":91,"column":3}}],"line":89},"5":{"loc":{"start":{"line":102,"column":2},"end":{"line":106,"column":3}},"type":"if","locations":[{"start":{"line":102,"column":2},"end":{"line":106,"column":3}},{"start":{"line":102,"column":2},"end":{"line":106,"column":3}}],"line":102}},"s":{"0":1,"1":1,"2":1,"3":1,"4":1,"5":1,"6":1,"7":1,"8":1,"9":1,"10":1,"11":0,"12":1,"13":0,"14":1,"15":1,"16":0,"17":0,"18":0,"19":0,"20":0,"21":0,"22":0,"23":1,"24":1,"25":1,"26":1,"27":1,"28":1,"29":0,"30":0,"31":0,"32":1,"33":1,"34":1,"35":1,"36":1,"37":1,"38":1,"39":1,"40":1,"41":0,"42":1,"43":1,"44":1,"45":1,"46":1,"47":0,"48":0,"49":0,"50":0,"51":0,"52":1,"53":1,"54":1,"55":0,"56":0,"57":0,"58":1},"f":{"0":1,"1":0,"2":0,"3":1,"4":0,"5":1,"6":0},"b":{"0":[0,1],"1":[0,1],"2":[0,1],"3":[1,0,0],"4":[0,1],"5":[0,0]},"_coverageSchema":"43e27e138ebf9cfc5966b082cf9a028302ed4184","hash":"18453bacc3f0352ce99e0299a7d9564e812c52b3"}
,"/home/tangodev/ska/webjive-auth/src/strategies/file.js": {"path":"/home/tangodev/ska/webjive-auth/src/strategies/file.js","statementMap":{"0":{"start":{"line":1,"column":11},"end":{"line":1,"column":24}},"1":{"start":{"line":2,"column":22},"end":{"line":2,"column":47}},"2":{"start":{"line":4,"column":23},"end":{"line":4,"column":34}},"3":{"start":{"line":5,"column":13},"end":{"line":5,"column":44}},"4":{"start":{"line":7,"column":12},"end":{"line":7,"column":14}},"5":{"start":{"line":8,"column":0},"end":{"line":11,"column":1}},"6":{"start":{"line":9,"column":19},"end":{"line":9,"column":40}},"7":{"start":{"line":10,"column":2},"end":{"line":10,"column":31}},"8":{"start":{"line":13,"column":0},"end":{"line":22,"column":3}},"9":{"start":{"line":14,"column":2},"end":{"line":19,"column":3}},"10":{"start":{"line":15,"column":33},"end":{"line":15,"column":48}},"11":{"start":{"line":16,"column":4},"end":{"line":18,"column":5}},"12":{"start":{"line":17,"column":6},"end":{"line":17,"column":46}},"13":{"start":{"line":21,"column":2},"end":{"line":21,"column":27}}},"fnMap":{"0":{"name":"(anonymous_0)","decl":{"start":{"line":13,"column":35},"end":{"line":13,"column":36}},"loc":{"start":{"line":13,"column":73},"end":{"line":22,"column":1}},"line":13}},"branchMap":{"0":{"loc":{"start":{"line":5,"column":13},"end":{"line":5,"column":44}},"type":"binary-expr","locations":[{"start":{"line":5,"column":13},"end":{"line":5,"column":23}},{"start":{"line":5,"column":27},"end":{"line":5,"column":44}}],"line":5},"1":{"loc":{"start":{"line":8,"column":0},"end":{"line":11,"column":1}},"type":"if","locations":[{"start":{"line":8,"column":0},"end":{"line":11,"column":1}},{"start":{"line":8,"column":0},"end":{"line":11,"column":1}}],"line":8},"2":{"loc":{"start":{"line":8,"column":4},"end":{"line":8,"column":37}},"type":"binary-expr","locations":[{"start":{"line":8,"column":4},"end":{"line":8,"column":14}},{"start":{"line":8,"column":18},"end":{"line":8,"column":37}}],"line":8},"3":{"loc":{"start":{"line":14,"column":2},"end":{"line":19,"column":3}},"type":"if","locations":[{"start":{"line":14,"column":2},"end":{"line":19,"column":3}},{"start":{"line":14,"column":2},"end":{"line":19,"column":3}}],"line":14},"4":{"loc":{"start":{"line":16,"column":4},"end":{"line":18,"column":5}},"type":"if","locations":[{"start":{"line":16,"column":4},"end":{"line":18,"column":5}},{"start":{"line":16,"column":4},"end":{"line":18,"column":5}}],"line":16}},"s":{"0":1,"1":1,"2":1,"3":1,"4":1,"5":1,"6":0,"7":0,"8":1,"9":1,"10":0,"11":0,"12":0,"13":1},"f":{"0":1},"b":{"0":[1,1],"1":[0,1],"2":[1,1],"3":[0,1],"4":[0,0]},"_coverageSchema":"43e27e138ebf9cfc5966b082cf9a028302ed4184","hash":"690116ea587eecdd14c6ab2bbd5beeee10e16960"}
,"/home/tangodev/ska/webjive-auth/src/strategies/impotent.js": {"path":"/home/tangodev/ska/webjive-auth/src/strategies/impotent.js","statementMap":{"0":{"start":{"line":1,"column":22},"end":{"line":1,"column":47}},"1":{"start":{"line":3,"column":17},"end":{"line":3,"column":27}},"2":{"start":{"line":4,"column":17},"end":{"line":4,"column":27}},"3":{"start":{"line":6,"column":0},"end":{"line":12,"column":3}},"4":{"start":{"line":7,"column":2},"end":{"line":11,"column":3}},"5":{"start":{"line":8,"column":4},"end":{"line":8,"column":41}},"6":{"start":{"line":10,"column":4},"end":{"line":10,"column":22}}},"fnMap":{"0":{"name":"(anonymous_0)","decl":{"start":{"line":6,"column":35},"end":{"line":6,"column":36}},"loc":{"start":{"line":6,"column":65},"end":{"line":12,"column":1}},"line":6}},"branchMap":{"0":{"loc":{"start":{"line":7,"column":2},"end":{"line":11,"column":3}},"type":"if","locations":[{"start":{"line":7,"column":2},"end":{"line":11,"column":3}},{"start":{"line":7,"column":2},"end":{"line":11,"column":3}}],"line":7},"1":{"loc":{"start":{"line":7,"column":6},"end":{"line":7,"column":52}},"type":"binary-expr","locations":[{"start":{"line":7,"column":6},"end":{"line":7,"column":27}},{"start":{"line":7,"column":31},"end":{"line":7,"column":52}}],"line":7}},"s":{"0":1,"1":1,"2":1,"3":1,"4":2,"5":1,"6":1},"f":{"0":2},"b":{"0":[1,1],"1":[2,1]},"_coverageSchema":"43e27e138ebf9cfc5966b082cf9a028302ed4184","hash":"9464b25d38cffdf43ed3044b2b12c34ccc7f64bc"}
}
