TN:
SF:/home/tangodev/ska/webjive-auth/src/app.js
FN:18,generateToken
FN:31,extendToken
FN:40,userFromToken
FN:87,(anonymous_3)
FN:98,(anonymous_4)
FN:109,(anonymous_5)
FN:113,(anonymous_6)
FNF:7
FNH:3
FNDA:1,generateToken
FNDA:0,extendToken
FNDA:0,userFromToken
FNDA:1,(anonymous_3)
FNDA:0,(anonymous_4)
FNDA:1,(anonymous_5)
FNDA:0,(anonymous_6)
DA:1,1
DA:3,1
DA:5,1
DA:6,1
DA:7,1
DA:8,1
DA:9,1
DA:14,1
DA:15,1
DA:16,1
DA:19,1
DA:20,0
DA:23,1
DA:24,0
DA:27,1
DA:28,1
DA:32,0
DA:33,0
DA:34,0
DA:36,0
DA:41,0
DA:42,0
DA:44,0
DA:58,1
DA:60,1
DA:62,1
DA:64,1
DA:66,1
DA:68,1
DA:71,0
DA:72,0
DA:73,0
DA:76,1
DA:77,1
DA:78,1
DA:79,1
DA:80,1
DA:82,1
DA:87,1
DA:88,1
DA:89,1
DA:90,0
DA:92,1
DA:93,1
DA:94,1
DA:95,1
DA:98,1
DA:99,0
DA:100,0
DA:102,0
DA:103,0
DA:105,0
DA:109,1
DA:110,1
DA:113,1
DA:114,0
DA:115,0
DA:116,0
DA:118,1
LF:59
LH:38
BRDA:19,0,0,0
BRDA:19,0,1,1
BRDA:23,1,0,0
BRDA:23,1,1,1
BRDA:68,2,0,0
BRDA:68,2,1,1
BRDA:68,3,0,1
BRDA:68,3,1,0
BRDA:68,3,2,0
BRDA:89,4,0,0
BRDA:89,4,1,1
BRDA:102,5,0,0
BRDA:102,5,1,0
BRF:13
BRH:5
end_of_record
TN:
SF:/home/tangodev/ska/webjive-auth/src/strategies/file.js
FN:13,(anonymous_0)
FNF:1
FNH:1
FNDA:1,(anonymous_0)
DA:1,1
DA:2,1
DA:4,1
DA:5,1
DA:7,1
DA:8,1
DA:9,0
DA:10,0
DA:13,1
DA:14,1
DA:15,0
DA:16,0
DA:17,0
DA:21,1
LF:14
LH:9
BRDA:5,0,0,1
BRDA:5,0,1,1
BRDA:8,1,0,0
BRDA:8,1,1,1
BRDA:8,2,0,1
BRDA:8,2,1,1
BRDA:14,3,0,0
BRDA:14,3,1,1
BRDA:16,4,0,0
BRDA:16,4,1,0
BRF:10
BRH:6
end_of_record
TN:
SF:/home/tangodev/ska/webjive-auth/src/strategies/impotent.js
FN:6,(anonymous_0)
FNF:1
FNH:1
FNDA:2,(anonymous_0)
DA:1,1
DA:3,1
DA:4,1
DA:6,1
DA:7,2
DA:8,1
DA:10,1
LF:7
LH:7
BRDA:7,0,0,1
BRDA:7,0,1,1
BRDA:7,1,0,2
BRDA:7,1,1,1
BRF:4
BRH:4
end_of_record
